<?xml version="1.0" encoding="UTF-8"?>
<configuration>
	<core-datasource dsName="java:/datasources/sprint/CoreDS"/>
</configuration>